{"/Users/hcls/Hevolsoft/pokedex-react/src/components/Badges/index.tsx": {"path":"/Users/hcls/Hevolsoft/pokedex-react/src/components/Badges/index.tsx","statementMap":{"0":{"start":{"line":7,"column":34},"end":{"line":23,"column":1}},"1":{"start":{"line":8,"column":19},"end":{"line":10,"column":3}},"2":{"start":{"line":9,"column":4},"end":{"line":9,"column":37}},"3":{"start":{"line":12,"column":2},"end":{"line":22,"column":4}},"4":{"start":{"line":15,"column":8},"end":{"line":19,"column":10}}},"fnMap":{"0":{"name":"(anonymous_0)","decl":{"start":{"line":7,"column":34},"end":{"line":7,"column":35}},"loc":{"start":{"line":7,"column":60},"end":{"line":23,"column":1}},"line":7},"1":{"name":"(anonymous_1)","decl":{"start":{"line":8,"column":19},"end":{"line":8,"column":20}},"loc":{"start":{"line":8,"column":37},"end":{"line":10,"column":3}},"line":8},"2":{"name":"(anonymous_2)","decl":{"start":{"line":14,"column":17},"end":{"line":14,"column":18}},"loc":{"start":{"line":15,"column":8},"end":{"line":19,"column":10}},"line":15}},"branchMap":{},"s":{"0":4,"1":5,"2":1,"3":5,"4":1},"f":{"0":5,"1":1,"2":1},"b":{},"_coverageSchema":"1a1c01bbd47fc00a2c39e90264f33305004495a9","hash":"0dc553889525d5513812ae8c1be5637a6843d73c"}
,"/Users/hcls/Hevolsoft/pokedex-react/src/components/Input/index.tsx": {"path":"/Users/hcls/Hevolsoft/pokedex-react/src/components/Input/index.tsx","statementMap":{"0":{"start":{"line":7,"column":41},"end":{"line":14,"column":1}},"1":{"start":{"line":8,"column":2},"end":{"line":13,"column":4}}},"fnMap":{"0":{"name":"(anonymous_0)","decl":{"start":{"line":7,"column":41},"end":{"line":7,"column":42}},"loc":{"start":{"line":7,"column":52},"end":{"line":14,"column":1}},"line":7}},"branchMap":{},"s":{"0":2,"1":2},"f":{"0":2},"b":{},"_coverageSchema":"1a1c01bbd47fc00a2c39e90264f33305004495a9","hash":"558b92fdea7569a9a1cf47a0a342cfdf89b23b2c"}
,"/Users/hcls/Hevolsoft/pokedex-react/src/components/PokeCard/index.tsx": {"path":"/Users/hcls/Hevolsoft/pokedex-react/src/components/PokeCard/index.tsx","statementMap":{"0":{"start":{"line":24,"column":38},"end":{"line":59,"column":1}},"1":{"start":{"line":25,"column":18},"end":{"line":25,"column":30}},"2":{"start":{"line":26,"column":58},"end":{"line":26,"column":63}},"3":{"start":{"line":27,"column":57},"end":{"line":27,"column":79}},"4":{"start":{"line":29,"column":26},"end":{"line":32,"column":3}},"5":{"start":{"line":30,"column":4},"end":{"line":30,"column":39}},"6":{"start":{"line":31,"column":4},"end":{"line":31,"column":20}},"7":{"start":{"line":34,"column":2},"end":{"line":58,"column":4}},"8":{"start":{"line":36,"column":21},"end":{"line":36,"column":38}}},"fnMap":{"0":{"name":"(anonymous_0)","decl":{"start":{"line":24,"column":38},"end":{"line":24,"column":39}},"loc":{"start":{"line":24,"column":49},"end":{"line":59,"column":1}},"line":24},"1":{"name":"(anonymous_1)","decl":{"start":{"line":29,"column":26},"end":{"line":29,"column":27}},"loc":{"start":{"line":29,"column":32},"end":{"line":32,"column":3}},"line":29},"2":{"name":"(anonymous_2)","decl":{"start":{"line":36,"column":15},"end":{"line":36,"column":16}},"loc":{"start":{"line":36,"column":21},"end":{"line":36,"column":38}},"line":36}},"branchMap":{"0":{"loc":{"start":{"line":39,"column":8},"end":{"line":39,"column":70}},"type":"cond-expr","locations":[{"start":{"line":39,"column":23},"end":{"line":39,"column":65}},{"start":{"line":39,"column":68},"end":{"line":39,"column":70}}],"line":39},"1":{"loc":{"start":{"line":52,"column":12},"end":{"line":52,"column":80}},"type":"cond-expr","locations":[{"start":{"line":52,"column":28},"end":{"line":52,"column":75}},{"start":{"line":52,"column":78},"end":{"line":52,"column":80}}],"line":52}},"s":{"0":2,"1":4,"2":4,"3":4,"4":4,"5":1,"6":1,"7":4,"8":1},"f":{"0":4,"1":1,"2":1},"b":{"0":[1,3],"1":[1,3]},"_coverageSchema":"1a1c01bbd47fc00a2c39e90264f33305004495a9","hash":"8401a7ccd751c91614935082a9a478986e2dd62f"}
,"/Users/hcls/Hevolsoft/pokedex-react/src/hooks/index.tsx": {"path":"/Users/hcls/Hevolsoft/pokedex-react/src/hooks/index.tsx","statementMap":{"0":{"start":{"line":5,"column":30},"end":{"line":7,"column":1}},"1":{"start":{"line":6,"column":2},"end":{"line":6,"column":47}}},"fnMap":{"0":{"name":"(anonymous_0)","decl":{"start":{"line":5,"column":30},"end":{"line":5,"column":31}},"loc":{"start":{"line":6,"column":2},"end":{"line":6,"column":47}},"line":6}},"branchMap":{},"s":{"0":5,"1":14},"f":{"0":14},"b":{},"_coverageSchema":"1a1c01bbd47fc00a2c39e90264f33305004495a9","hash":"2719eaf78fa1b2d90f1a115c85251c31b9aa8237"}
,"/Users/hcls/Hevolsoft/pokedex-react/src/hooks/Pokemon/index.tsx": {"path":"/Users/hcls/Hevolsoft/pokedex-react/src/hooks/Pokemon/index.tsx","statementMap":{"0":{"start":{"line":7,"column":23},"end":{"line":7,"column":76}},"1":{"start":{"line":9,"column":34},"end":{"line":78,"column":1}},"2":{"start":{"line":10,"column":14},"end":{"line":10,"column":30}},"3":{"start":{"line":11,"column":32},"end":{"line":11,"column":56}},"4":{"start":{"line":12,"column":61},"end":{"line":12,"column":73}},"5":{"start":{"line":14,"column":22},"end":{"line":28,"column":8}},"6":{"start":{"line":15,"column":4},"end":{"line":27,"column":14}},"7":{"start":{"line":16,"column":38},"end":{"line":16,"column":40}},"8":{"start":{"line":17,"column":23},"end":{"line":17,"column":52}},"9":{"start":{"line":19,"column":6},"end":{"line":24,"column":7}},"10":{"start":{"line":19,"column":19},"end":{"line":19,"column":20}},"11":{"start":{"line":20,"column":28},"end":{"line":22,"column":9}},"12":{"start":{"line":23,"column":8},"end":{"line":23,"column":43}},"13":{"start":{"line":26,"column":6},"end":{"line":26,"column":73}},"14":{"start":{"line":26,"column":41},"end":{"line":26,"column":71}},"15":{"start":{"line":30,"column":28},"end":{"line":37,"column":8}},"16":{"start":{"line":31,"column":4},"end":{"line":36,"column":14}},"17":{"start":{"line":32,"column":23},"end":{"line":32,"column":61}},"18":{"start":{"line":33,"column":6},"end":{"line":33,"column":59}},"19":{"start":{"line":35,"column":6},"end":{"line":35,"column":23}},"20":{"start":{"line":39,"column":24},"end":{"line":41,"column":3}},"21":{"start":{"line":40,"column":4},"end":{"line":40,"column":16}},"22":{"start":{"line":43,"column":24},"end":{"line":49,"column":8}},"23":{"start":{"line":44,"column":4},"end":{"line":48,"column":14}},"24":{"start":{"line":45,"column":23},"end":{"line":45,"column":69}},"25":{"start":{"line":47,"column":6},"end":{"line":47,"column":38}},"26":{"start":{"line":51,"column":27},"end":{"line":60,"column":3}},"27":{"start":{"line":52,"column":22},"end":{"line":52,"column":35}},"28":{"start":{"line":53,"column":15},"end":{"line":53,"column":17}},"29":{"start":{"line":55,"column":4},"end":{"line":55,"column":44}},"30":{"start":{"line":55,"column":32},"end":{"line":55,"column":44}},"31":{"start":{"line":57,"column":4},"end":{"line":57,"column":43}},"32":{"start":{"line":57,"column":32},"end":{"line":57,"column":43}},"33":{"start":{"line":59,"column":4},"end":{"line":59,"column":26}},"34":{"start":{"line":62,"column":2},"end":{"line":77,"column":4}},"35":{"start":{"line":80,"column":29},"end":{"line":82,"column":1}},"36":{"start":{"line":81,"column":2},"end":{"line":81,"column":36}}},"fnMap":{"0":{"name":"(anonymous_0)","decl":{"start":{"line":9,"column":34},"end":{"line":9,"column":35}},"loc":{"start":{"line":9,"column":52},"end":{"line":78,"column":1}},"line":9},"1":{"name":"(anonymous_1)","decl":{"start":{"line":14,"column":34},"end":{"line":14,"column":35}},"loc":{"start":{"line":14,"column":60},"end":{"line":28,"column":3}},"line":14},"2":{"name":"(anonymous_2)","decl":{"start":{"line":26,"column":14},"end":{"line":26,"column":15}},"loc":{"start":{"line":26,"column":41},"end":{"line":26,"column":71}},"line":26},"3":{"name":"(anonymous_3)","decl":{"start":{"line":30,"column":40},"end":{"line":30,"column":41}},"loc":{"start":{"line":30,"column":66},"end":{"line":37,"column":3}},"line":30},"4":{"name":"(anonymous_4)","decl":{"start":{"line":39,"column":24},"end":{"line":39,"column":25}},"loc":{"start":{"line":39,"column":30},"end":{"line":41,"column":3}},"line":39},"5":{"name":"(anonymous_5)","decl":{"start":{"line":43,"column":36},"end":{"line":43,"column":37}},"loc":{"start":{"line":43,"column":60},"end":{"line":49,"column":3}},"line":43},"6":{"name":"(anonymous_6)","decl":{"start":{"line":51,"column":27},"end":{"line":51,"column":28}},"loc":{"start":{"line":51,"column":51},"end":{"line":60,"column":3}},"line":51},"7":{"name":"(anonymous_7)","decl":{"start":{"line":80,"column":29},"end":{"line":80,"column":30}},"loc":{"start":{"line":80,"column":52},"end":{"line":82,"column":1}},"line":80}},"branchMap":{"0":{"loc":{"start":{"line":55,"column":4},"end":{"line":55,"column":44}},"type":"if","locations":[{"start":{"line":55,"column":4},"end":{"line":55,"column":44}},{"start":{"line":55,"column":4},"end":{"line":55,"column":44}}],"line":55},"1":{"loc":{"start":{"line":57,"column":4},"end":{"line":57,"column":43}},"type":"if","locations":[{"start":{"line":57,"column":4},"end":{"line":57,"column":43}},{"start":{"line":57,"column":4},"end":{"line":57,"column":43}}],"line":57}},"s":{"0":5,"1":5,"2":20,"3":20,"4":20,"5":20,"6":2,"7":2,"8":2,"9":1,"10":1,"11":1,"12":1,"13":1,"14":1,"15":20,"16":2,"17":2,"18":1,"19":1,"20":20,"21":3,"22":20,"23":1,"24":1,"25":1,"26":20,"27":8,"28":8,"29":8,"30":6,"31":8,"32":1,"33":8,"34":20,"35":5,"36":20},"f":{"0":20,"1":2,"2":1,"3":2,"4":3,"5":1,"6":8,"7":20},"b":{"0":[6,2],"1":[1,7]},"_coverageSchema":"1a1c01bbd47fc00a2c39e90264f33305004495a9","hash":"f44a4f45969dd0377f944a5fe3987b1950c025d2"}
,"/Users/hcls/Hevolsoft/pokedex-react/src/pages/Home/index.tsx": {"path":"/Users/hcls/Hevolsoft/pokedex-react/src/pages/Home/index.tsx","statementMap":{"0":{"start":{"line":20,"column":23},"end":{"line":90,"column":1}},"1":{"start":{"line":21,"column":30},"end":{"line":21,"column":41}},"2":{"start":{"line":27,"column":6},"end":{"line":27,"column":28}},"3":{"start":{"line":29,"column":19},"end":{"line":40,"column":3}},"4":{"start":{"line":30,"column":30},"end":{"line":30,"column":74}},"5":{"start":{"line":31,"column":25},"end":{"line":31,"column":43}},"6":{"start":{"line":33,"column":4},"end":{"line":33,"column":35}},"7":{"start":{"line":33,"column":28},"end":{"line":33,"column":35}},"8":{"start":{"line":35,"column":4},"end":{"line":39,"column":5}},"9":{"start":{"line":36,"column":6},"end":{"line":38,"column":9}},"10":{"start":{"line":37,"column":8},"end":{"line":37,"column":30}},"11":{"start":{"line":42,"column":26},"end":{"line":56,"column":3}},"12":{"start":{"line":44,"column":6},"end":{"line":44,"column":22}},"13":{"start":{"line":46,"column":6},"end":{"line":50,"column":7}},"14":{"start":{"line":47,"column":8},"end":{"line":47,"column":23}},"15":{"start":{"line":48,"column":8},"end":{"line":48,"column":21}},"16":{"start":{"line":49,"column":8},"end":{"line":49,"column":15}},"17":{"start":{"line":52,"column":6},"end":{"line":52,"column":26}},"18":{"start":{"line":53,"column":6},"end":{"line":53,"column":28}},"19":{"start":{"line":58,"column":2},"end":{"line":60,"column":15}},"20":{"start":{"line":59,"column":4},"end":{"line":59,"column":24}},"21":{"start":{"line":62,"column":2},"end":{"line":65,"column":9}},"22":{"start":{"line":63,"column":4},"end":{"line":63,"column":20}},"23":{"start":{"line":64,"column":4},"end":{"line":64,"column":48}},"24":{"start":{"line":67,"column":2},"end":{"line":89,"column":4}},"25":{"start":{"line":77,"column":12},"end":{"line":77,"column":44}},"26":{"start":{"line":85,"column":10},"end":{"line":85,"column":78}}},"fnMap":{"0":{"name":"(anonymous_0)","decl":{"start":{"line":20,"column":23},"end":{"line":20,"column":24}},"loc":{"start":{"line":20,"column":29},"end":{"line":90,"column":1}},"line":20},"1":{"name":"(anonymous_1)","decl":{"start":{"line":29,"column":19},"end":{"line":29,"column":20}},"loc":{"start":{"line":29,"column":25},"end":{"line":40,"column":3}},"line":29},"2":{"name":"(anonymous_2)","decl":{"start":{"line":36,"column":16},"end":{"line":36,"column":17}},"loc":{"start":{"line":36,"column":44},"end":{"line":38,"column":7}},"line":36},"3":{"name":"(anonymous_3)","decl":{"start":{"line":43,"column":4},"end":{"line":43,"column":5}},"loc":{"start":{"line":43,"column":22},"end":{"line":54,"column":5}},"line":43},"4":{"name":"(anonymous_4)","decl":{"start":{"line":58,"column":12},"end":{"line":58,"column":13}},"loc":{"start":{"line":58,"column":18},"end":{"line":60,"column":3}},"line":58},"5":{"name":"(anonymous_5)","decl":{"start":{"line":62,"column":12},"end":{"line":62,"column":13}},"loc":{"start":{"line":62,"column":18},"end":{"line":65,"column":3}},"line":62},"6":{"name":"(anonymous_6)","decl":{"start":{"line":76,"column":20},"end":{"line":76,"column":21}},"loc":{"start":{"line":76,"column":27},"end":{"line":78,"column":11}},"line":76},"7":{"name":"(anonymous_7)","decl":{"start":{"line":84,"column":22},"end":{"line":84,"column":23}},"loc":{"start":{"line":85,"column":10},"end":{"line":85,"column":78}},"line":85}},"branchMap":{"0":{"loc":{"start":{"line":33,"column":4},"end":{"line":33,"column":35}},"type":"if","locations":[{"start":{"line":33,"column":4},"end":{"line":33,"column":35}},{"start":{"line":33,"column":4},"end":{"line":33,"column":35}}],"line":33},"1":{"loc":{"start":{"line":35,"column":4},"end":{"line":39,"column":5}},"type":"if","locations":[{"start":{"line":35,"column":4},"end":{"line":39,"column":5}},{"start":{"line":35,"column":4},"end":{"line":39,"column":5}}],"line":35},"2":{"loc":{"start":{"line":46,"column":6},"end":{"line":50,"column":7}},"type":"if","locations":[{"start":{"line":46,"column":6},"end":{"line":50,"column":7}},{"start":{"line":46,"column":6},"end":{"line":50,"column":7}}],"line":46}},"s":{"0":1,"1":2,"2":2,"3":2,"4":0,"5":0,"6":0,"7":0,"8":0,"9":0,"10":0,"11":2,"12":0,"13":0,"14":0,"15":0,"16":0,"17":0,"18":0,"19":2,"20":1,"21":2,"22":1,"23":1,"24":2,"25":0,"26":0},"f":{"0":2,"1":0,"2":0,"3":0,"4":1,"5":1,"6":0,"7":0},"b":{"0":[0,0],"1":[0,0],"2":[0,0]},"_coverageSchema":"1a1c01bbd47fc00a2c39e90264f33305004495a9","hash":"0fb45cbf56e49753e8f193a30c1aaa9c6bf22e70"}
,"/Users/hcls/Hevolsoft/pokedex-react/src/pages/Profile/index.tsx": {"path":"/Users/hcls/Hevolsoft/pokedex-react/src/pages/Profile/index.tsx","statementMap":{"0":{"start":{"line":34,"column":36},"end":{"line":114,"column":1}},"1":{"start":{"line":35,"column":18},"end":{"line":35,"column":30}},"2":{"start":{"line":41,"column":6},"end":{"line":41,"column":28}},"3":{"start":{"line":42,"column":39},"end":{"line":42,"column":59}},"4":{"start":{"line":43,"column":26},"end":{"line":43,"column":69}},"5":{"start":{"line":45,"column":24},"end":{"line":57,"column":3}},"6":{"start":{"line":46,"column":4},"end":{"line":56,"column":7}},"7":{"start":{"line":47,"column":6},"end":{"line":53,"column":9}},"8":{"start":{"line":48,"column":8},"end":{"line":48,"column":28}},"9":{"start":{"line":50,"column":8},"end":{"line":52,"column":9}},"10":{"start":{"line":51,"column":10},"end":{"line":51,"column":37}},"11":{"start":{"line":55,"column":6},"end":{"line":55,"column":28}},"12":{"start":{"line":59,"column":2},"end":{"line":62,"column":9}},"13":{"start":{"line":60,"column":4},"end":{"line":60,"column":44}},"14":{"start":{"line":61,"column":4},"end":{"line":61,"column":26}},"15":{"start":{"line":64,"column":2},"end":{"line":113,"column":4}},"16":{"start":{"line":72,"column":25},"end":{"line":72,"column":42}},"17":{"start":{"line":100,"column":12},"end":{"line":102,"column":18}},"18":{"start":{"line":100,"column":43},"end":{"line":100,"column":59}}},"fnMap":{"0":{"name":"(anonymous_0)","decl":{"start":{"line":34,"column":36},"end":{"line":34,"column":37}},"loc":{"start":{"line":34,"column":47},"end":{"line":114,"column":1}},"line":34},"1":{"name":"(anonymous_1)","decl":{"start":{"line":45,"column":24},"end":{"line":45,"column":25}},"loc":{"start":{"line":45,"column":43},"end":{"line":57,"column":3}},"line":45},"2":{"name":"(anonymous_2)","decl":{"start":{"line":46,"column":12},"end":{"line":46,"column":13}},"loc":{"start":{"line":46,"column":27},"end":{"line":56,"column":5}},"line":46},"3":{"name":"(anonymous_3)","decl":{"start":{"line":47,"column":20},"end":{"line":47,"column":21}},"loc":{"start":{"line":47,"column":41},"end":{"line":53,"column":7}},"line":47},"4":{"name":"(anonymous_4)","decl":{"start":{"line":59,"column":12},"end":{"line":59,"column":13}},"loc":{"start":{"line":59,"column":18},"end":{"line":62,"column":3}},"line":59},"5":{"name":"(anonymous_5)","decl":{"start":{"line":72,"column":19},"end":{"line":72,"column":20}},"loc":{"start":{"line":72,"column":25},"end":{"line":72,"column":42}},"line":72},"6":{"name":"(anonymous_6)","decl":{"start":{"line":99,"column":20},"end":{"line":99,"column":21}},"loc":{"start":{"line":100,"column":12},"end":{"line":102,"column":18}},"line":100},"7":{"name":"(anonymous_7)","decl":{"start":{"line":100,"column":37},"end":{"line":100,"column":38}},"loc":{"start":{"line":100,"column":43},"end":{"line":100,"column":59}},"line":100}},"branchMap":{"0":{"loc":{"start":{"line":50,"column":8},"end":{"line":52,"column":9}},"type":"if","locations":[{"start":{"line":50,"column":8},"end":{"line":52,"column":9}},{"start":{"line":50,"column":8},"end":{"line":52,"column":9}}],"line":50},"1":{"loc":{"start":{"line":67,"column":8},"end":{"line":67,"column":70}},"type":"cond-expr","locations":[{"start":{"line":67,"column":23},"end":{"line":67,"column":65}},{"start":{"line":67,"column":68},"end":{"line":67,"column":70}}],"line":67},"2":{"loc":{"start":{"line":83,"column":16},"end":{"line":85,"column":22}},"type":"cond-expr","locations":[{"start":{"line":84,"column":20},"end":{"line":84,"column":67}},{"start":{"line":85,"column":20},"end":{"line":85,"column":22}}],"line":83},"3":{"loc":{"start":{"line":106,"column":11},"end":{"line":108,"column":11}},"type":"binary-expr","locations":[{"start":{"line":106,"column":11},"end":{"line":106,"column":18}},{"start":{"line":106,"column":22},"end":{"line":106,"column":44}},{"start":{"line":107,"column":12},"end":{"line":107,"column":77}}],"line":106}},"s":{"0":1,"1":1,"2":1,"3":1,"4":1,"5":1,"6":0,"7":0,"8":0,"9":0,"10":0,"11":0,"12":1,"13":1,"14":1,"15":1,"16":0,"17":1,"18":0},"f":{"0":1,"1":0,"2":0,"3":0,"4":1,"5":0,"6":1,"7":0},"b":{"0":[0,0],"1":[0,1],"2":[0,1],"3":[1,1,0]},"_coverageSchema":"1a1c01bbd47fc00a2c39e90264f33305004495a9","hash":"e70ac2e91b71f6f4644934a77269ded0d766527d"}
}
