TN:
SF:src/components/Badges/index.tsx
FN:7,(anonymous_0)
FN:8,(anonymous_1)
FN:14,(anonymous_2)
FNF:3
FNH:3
FNDA:5,(anonymous_0)
FNDA:1,(anonymous_1)
FNDA:1,(anonymous_2)
DA:7,4
DA:8,5
DA:9,1
DA:12,5
DA:15,1
LF:5
LH:5
BRF:0
BRH:0
end_of_record
TN:
SF:src/components/Input/index.tsx
FN:7,(anonymous_0)
FNF:1
FNH:1
FNDA:2,(anonymous_0)
DA:7,2
DA:8,2
LF:2
LH:2
BRF:0
BRH:0
end_of_record
TN:
SF:src/components/PokeCard/index.tsx
FN:24,(anonymous_0)
FN:29,(anonymous_1)
FN:36,(anonymous_2)
FNF:3
FNH:3
FNDA:4,(anonymous_0)
FNDA:1,(anonymous_1)
FNDA:1,(anonymous_2)
DA:24,2
DA:25,4
DA:26,4
DA:27,4
DA:29,4
DA:30,1
DA:31,1
DA:34,4
DA:36,1
LF:9
LH:9
BRDA:39,0,0,1
BRDA:39,0,1,3
BRDA:52,1,0,1
BRDA:52,1,1,3
BRF:4
BRH:4
end_of_record
TN:
SF:src/hooks/index.tsx
FN:5,(anonymous_0)
FNF:1
FNH:1
FNDA:14,(anonymous_0)
DA:5,5
DA:6,14
LF:2
LH:2
BRF:0
BRH:0
end_of_record
TN:
SF:src/hooks/Pokemon/index.tsx
FN:9,(anonymous_0)
FN:14,(anonymous_1)
FN:26,(anonymous_2)
FN:30,(anonymous_3)
FN:39,(anonymous_4)
FN:43,(anonymous_5)
FN:51,(anonymous_6)
FN:80,(anonymous_7)
FNF:8
FNH:8
FNDA:20,(anonymous_0)
FNDA:2,(anonymous_1)
FNDA:1,(anonymous_2)
FNDA:2,(anonymous_3)
FNDA:3,(anonymous_4)
FNDA:1,(anonymous_5)
FNDA:8,(anonymous_6)
FNDA:20,(anonymous_7)
DA:7,5
DA:9,5
DA:10,20
DA:11,20
DA:12,20
DA:14,20
DA:15,2
DA:16,2
DA:17,2
DA:19,1
DA:20,1
DA:23,1
DA:26,1
DA:30,20
DA:31,2
DA:32,2
DA:33,1
DA:35,1
DA:39,20
DA:40,3
DA:43,20
DA:44,1
DA:45,1
DA:47,1
DA:51,20
DA:52,8
DA:53,8
DA:55,8
DA:57,8
DA:59,8
DA:62,20
DA:80,5
DA:81,20
LF:33
LH:33
BRDA:55,0,0,6
BRDA:55,0,1,2
BRDA:57,1,0,1
BRDA:57,1,1,7
BRF:4
BRH:4
end_of_record
TN:
SF:src/pages/Home/index.tsx
FN:20,(anonymous_0)
FN:29,(anonymous_1)
FN:36,(anonymous_2)
FN:43,(anonymous_3)
FN:58,(anonymous_4)
FN:62,(anonymous_5)
FN:76,(anonymous_6)
FN:84,(anonymous_7)
FNF:8
FNH:3
FNDA:2,(anonymous_0)
FNDA:0,(anonymous_1)
FNDA:0,(anonymous_2)
FNDA:0,(anonymous_3)
FNDA:1,(anonymous_4)
FNDA:1,(anonymous_5)
FNDA:0,(anonymous_6)
FNDA:0,(anonymous_7)
DA:20,1
DA:21,2
DA:27,2
DA:29,2
DA:30,0
DA:31,0
DA:33,0
DA:35,0
DA:36,0
DA:37,0
DA:42,2
DA:44,0
DA:46,0
DA:47,0
DA:48,0
DA:49,0
DA:52,0
DA:53,0
DA:58,2
DA:59,1
DA:62,2
DA:63,1
DA:64,1
DA:67,2
DA:77,0
DA:85,0
LF:26
LH:11
BRDA:33,0,0,0
BRDA:33,0,1,0
BRDA:35,1,0,0
BRDA:35,1,1,0
BRDA:46,2,0,0
BRDA:46,2,1,0
BRF:6
BRH:0
end_of_record
TN:
SF:src/pages/Profile/index.tsx
FN:34,(anonymous_0)
FN:45,(anonymous_1)
FN:46,(anonymous_2)
FN:47,(anonymous_3)
FN:59,(anonymous_4)
FN:72,(anonymous_5)
FN:99,(anonymous_6)
FN:100,(anonymous_7)
FNF:8
FNH:3
FNDA:1,(anonymous_0)
FNDA:0,(anonymous_1)
FNDA:0,(anonymous_2)
FNDA:0,(anonymous_3)
FNDA:1,(anonymous_4)
FNDA:0,(anonymous_5)
FNDA:1,(anonymous_6)
FNDA:0,(anonymous_7)
DA:34,1
DA:35,1
DA:41,1
DA:42,1
DA:43,1
DA:45,1
DA:46,0
DA:47,0
DA:48,0
DA:50,0
DA:51,0
DA:55,0
DA:59,1
DA:60,1
DA:61,1
DA:64,1
DA:72,0
DA:100,1
LF:18
LH:11
BRDA:50,0,0,0
BRDA:50,0,1,0
BRDA:67,1,0,0
BRDA:67,1,1,1
BRDA:83,2,0,0
BRDA:83,2,1,1
BRDA:106,3,0,1
BRDA:106,3,1,1
BRDA:106,3,2,0
BRF:9
BRH:4
end_of_record
